This is XeTeX, Version 3.14159265-2.6-0.99992 (TeX Live 2015/Debian) (preloaded format=xelatex 2017.1.21)  21 APR 2017 16:12
entering extended mode
 restricted \write18 enabled.
 %&-line parsing enabled.
**dissertation.tex
(./dissertation.tex
LaTeX2e <2016/02/01>
Babel <3.9q> and hyphenation patterns for 81 language(s) loaded.
(./Dissertate.cls
Document Class: Dissertate 2014/03/25 v2.0 Dissertate Class
(/usr/share/texlive/texmf-dist/tex/latex/base/book.cls
Document Class: book 2014/09/29 v1.4h Standard LaTeX document class
(/usr/share/texlive/texmf-dist/tex/latex/base/bk12.clo
File: bk12.clo 2014/09/29 v1.4h Standard LaTeX file (size option)
)
\c@part=\count79
\c@chapter=\count80
\c@section=\count81
\c@subsection=\count82
\c@subsubsection=\count83
\c@paragraph=\count84
\c@subparagraph=\count85
\c@figure=\count86
\c@table=\count87
\abovecaptionskip=\skip41
\belowcaptionskip=\skip42
\bibindent=\dimen102
)
(/usr/share/texlive/texmf-dist/tex/latex/amsfonts/amssymb.sty
Package: amssymb 2013/01/14 v3.01 AMS font symbols

(/usr/share/texlive/texmf-dist/tex/latex/amsfonts/amsfonts.sty
Package: amsfonts 2013/01/14 v3.01 Basic AMSFonts support
\@emptytoks=\toks14
\symAMSa=\mathgroup4
\symAMSb=\mathgroup5
LaTeX Font Info:    Overwriting math alphabet `\mathfrak' in version `bold'
(Font)                  U/euf/m/n --> U/euf/b/n on input line 106.
))
(/usr/share/texlive/texmf-dist/tex/latex/amsmath/amsmath.sty
Package: amsmath 2016/03/03 v2.15a AMS math features
\@mathmargin=\skip43

For additional information on amsmath, use the `?' option.
(/usr/share/texlive/texmf-dist/tex/latex/amsmath/amstext.sty
Package: amstext 2000/06/29 v2.01 AMS text

(/usr/share/texlive/texmf-dist/tex/latex/amsmath/amsgen.sty
File: amsgen.sty 1999/11/30 v2.0 generic functions
\@emptytoks=\toks15
\ex@=\dimen103
))
(/usr/share/texlive/texmf-dist/tex/latex/amsmath/amsbsy.sty
Package: amsbsy 1999/11/29 v1.2d Bold Symbols
\pmbraise@=\dimen104
)
(/usr/share/texlive/texmf-dist/tex/latex/amsmath/amsopn.sty
Package: amsopn 1999/12/14 v2.01 operator names
)
\inf@bad=\count88
LaTeX Info: Redefining \frac on input line 199.
\uproot@=\count89
\leftroot@=\count90
LaTeX Info: Redefining \overline on input line 297.
\classnum@=\count91
\DOTSCASE@=\count92
LaTeX Info: Redefining \ldots on input line 394.
LaTeX Info: Redefining \dots on input line 397.
LaTeX Info: Redefining \cdots on input line 518.
\Mathstrutbox@=\box26
\strutbox@=\box27
\big@size=\dimen105
LaTeX Font Info:    Redeclaring font encoding OML on input line 630.
LaTeX Font Info:    Redeclaring font encoding OMS on input line 631.
\macc@depth=\count93
\c@MaxMatrixCols=\count94
\dotsspace@=\muskip10
\c@parentequation=\count95
\dspbrk@lvl=\count96
\tag@help=\toks16
\row@=\count97
\column@=\count98
\maxfields@=\count99
\andhelp@=\toks17
\eqnshift@=\dimen106
\alignsep@=\dimen107
\tagshift@=\dimen108
\tagwidth@=\dimen109
\totwidth@=\dimen110
\lineht@=\dimen111
\@envbody=\toks18
\multlinegap=\skip44
\multlinetaggap=\skip45
\mathdisplay@stack=\toks19
LaTeX Info: Redefining \[ on input line 2735.
LaTeX Info: Redefining \] on input line 2736.
)
(/usr/share/texlive/texmf-dist/tex/latex/algorithm2e/algorithm2e.sty
Invalid UTF-8 byte or sequence at line 275 replaced by U+FFFD.
Invalid UTF-8 byte or sequence at line 290 replaced by U+FFFD.
Invalid UTF-8 byte or sequence at line 540 replaced by U+FFFD.
Package: algorithm2e 2013/01/06 v5.00 algorithms environments
\c@AlgoLine=\count100

(/usr/share/texlive/texmf-dist/tex/latex/base/ifthen.sty
Package: ifthen 2014/09/29 v1.1c Standard LaTeX ifthen package (DPC)
)
Invalid UTF-8 byte or sequence at line 1311 replaced by U+FFFD.
Invalid UTF-8 byte or sequence at line 1313 replaced by U+FFFD.
Invalid UTF-8 byte or sequence at line 1315 replaced by U+FFFD.
\algocf@hangindent=\skip46

(/usr/share/texlive/texmf-dist/tex/latex/tools/xspace.sty
Package: xspace 2014/10/28 v1.13 Space after command names (DPC,MH)
)
(/usr/share/texlive/texmf-dist/tex/latex/relsize/relsize.sty
Package: relsize 2013/03/29 ver 4.1
)
********************************************************
Package `algorithm2e' Release 5.1 -- october 19 2015 --
- algorithm2e-announce@lirmm.fr mailing list for announcement about releases
- algorithm2e-discussion@lirmm.fr mailing list for discussion about package
subscribe by emailing sympa@lirmm.fr with 'subscribe <list> <firstname name>'
- Author: Christophe Fiorio (christophe.fiorio@umontpellier.fr)
********************************************************
\skiptotal=\skip47
\skiplinenumber=\skip48
\skiprule=\skip49
\skiphlne=\skip50
\skiptext=\skip51
\skiplength=\skip52
\algomargin=\skip53
\skipalgocfslide=\skip54
\algowidth=\dimen112
\inoutsize=\dimen113
\inoutindent=\dimen114
\interspacetitleruled=\dimen115
\interspacealgoruled=\dimen116
\interspacetitleboxruled=\dimen117
\algocf@ruledwidth=\skip55
\algocf@inoutbox=\box28
\algocf@inputbox=\box29
\AlCapSkip=\skip56
\AlCapHSkip=\skip57
\algoskipindent=\skip58
\algocf@nlbox=\box30
\algocf@hangingbox=\box31
\algocf@untilbox=\box32
\algocf@skipuntil=\skip59
\algocf@capbox=\box33
\algoheightruledefault=\skip60
\algoheightrule=\skip61
\algotitleheightruledefault=\skip62
\algotitleheightrule=\skip63
\c@algocfline=\count101
\c@algocfproc=\count102
\c@algocf=\count103
\algocf@algoframe=\box34
\algocf@algobox=\box35
) (/usr/share/texlive/texmf-dist/tex/latex/listings/listings.sty
(/usr/share/texlive/texmf-dist/tex/latex/graphics/keyval.sty
Package: keyval 2014/10/28 v1.15 key=value parser (DPC)
\KV@toks@=\toks20
)
\lst@mode=\count104
\lst@gtempboxa=\box36
\lst@token=\toks21
\lst@length=\count105
\lst@currlwidth=\dimen118
\lst@column=\count106
\lst@pos=\count107
\lst@lostspace=\dimen119
\lst@width=\dimen120
\lst@newlines=\count108
\lst@lineno=\count109
\lst@maxwidth=\dimen121

(/usr/share/texlive/texmf-dist/tex/latex/listings/lstmisc.sty
File: lstmisc.sty 2015/06/04 1.6 (Carsten Heinz)
\c@lstnumber=\count110
\lst@skipnumbers=\count111
\lst@framebox=\box37
)
(/usr/share/texlive/texmf-dist/tex/latex/listings/listings.cfg
File: listings.cfg 2015/06/04 1.6 listings configuration
))
Package: listings 2015/06/04 1.6 (Carsten Heinz)

(/usr/share/texlive/texmf-dist/tex/latex/mathtools/mathtools.sty
Package: mathtools 2015/11/12 v1.18 mathematical typesetting tools

(/usr/share/texlive/texmf-dist/tex/latex/tools/calc.sty
Package: calc 2014/10/28 v4.3 Infix arithmetic (KKT,FJ)
\calc@Acount=\count112
\calc@Bcount=\count113
\calc@Adimen=\dimen122
\calc@Bdimen=\dimen123
\calc@Askip=\skip64
\calc@Bskip=\skip65
LaTeX Info: Redefining \setlength on input line 80.
LaTeX Info: Redefining \addtolength on input line 81.
\calc@Ccount=\count114
\calc@Cskip=\skip66
)
(/usr/share/texlive/texmf-dist/tex/latex/mathtools/mhsetup.sty
Package: mhsetup 2010/01/21 v1.2a programming setup (MH)
)
LaTeX Info: Thecontrolsequence`\('isalreadyrobust on input line 129.
LaTeX Info: Thecontrolsequence`\)'isalreadyrobust on input line 129.
LaTeX Info: Thecontrolsequence`\['isalreadyrobust on input line 129.
LaTeX Info: Thecontrolsequence`\]'isalreadyrobust on input line 129.
\g_MT_multlinerow_int=\count115
\l_MT_multwidth_dim=\dimen124
\origjot=\skip67
\l_MT_shortvdotswithinadjustabove_dim=\dimen125
\l_MT_shortvdotswithinadjustbelow_dim=\dimen126
\l_MT_above_intertext_sep=\dimen127
\l_MT_below_intertext_sep=\dimen128
\l_MT_above_shortintertext_sep=\dimen129
\l_MT_below_shortintertext_sep=\dimen130
)
(/usr/share/texlive/texmf-dist/tex/latex/hyperref/hyperref.sty
Package: hyperref 2012/11/06 v6.83m Hypertext links for LaTeX

(/usr/share/texlive/texmf-dist/tex/generic/oberdiek/hobsub-hyperref.sty
Package: hobsub-hyperref 2012/05/28 v1.13 Bundle oberdiek, subset hyperref (HO)


(/usr/share/texlive/texmf-dist/tex/generic/oberdiek/hobsub-generic.sty
Package: hobsub-generic 2012/05/28 v1.13 Bundle oberdiek, subset generic (HO)
Package: hobsub 2012/05/28 v1.13 Construct package bundles (HO)
Package: infwarerr 2010/04/08 v1.3 Providing info/warning/error messages (HO)
Package: ltxcmds 2011/11/09 v1.22 LaTeX kernel commands for general use (HO)
Package: ifluatex 2010/03/01 v1.3 Provides the ifluatex switch (HO)
Package ifluatex Info: LuaTeX not detected.
Package: ifvtex 2010/03/01 v1.5 Detect VTeX and its facilities (HO)
Package ifvtex Info: VTeX not detected.
Package: intcalc 2007/09/27 v1.1 Expandable calculations with integers (HO)
Package: ifpdf 2011/01/30 v2.3 Provides the ifpdf switch (HO)
Package ifpdf Info: pdfTeX in PDF mode is not detected.
Package: etexcmds 2011/02/16 v1.5 Avoid name clashes with e-TeX commands (HO)
Package etexcmds Info: Could not find \expanded.
(etexcmds)             That can mean that you are not using pdfTeX 1.50 or
(etexcmds)             that some package has redefined \expanded.
(etexcmds)             In the latter case, load this package earlier.
Package: kvsetkeys 2012/04/25 v1.16 Key value parser (HO)
Package: kvdefinekeys 2011/04/07 v1.3 Define keys (HO)
Package: pdftexcmds 2011/11/29 v0.20 Utility functions of pdfTeX for LuaTeX (HO
)
Package pdftexcmds Info: LuaTeX not detected.
Package pdftexcmds Info: pdfTeX >= 1.30 not detected.
Package pdftexcmds Info: \pdf@primitive is available.
Package pdftexcmds Info: \pdf@ifprimitive is available.
Package pdftexcmds Info: \pdfdraftmode not found.
Package: pdfescape 2011/11/25 v1.13 Implements pdfTeX's escape features (HO)
Package: bigintcalc 2012/04/08 v1.3 Expandable calculations on big integers (HO
)
Package: bitset 2011/01/30 v1.1 Handle bit-vector datatype (HO)
Package: uniquecounter 2011/01/30 v1.2 Provide unlimited unique counter (HO)
)
Package hobsub Info: Skipping package `hobsub' (already loaded).
Package: letltxmacro 2010/09/02 v1.4 Let assignment for LaTeX macros (HO)
Package: hopatch 2012/05/28 v1.2 Wrapper for package hooks (HO)
Package: xcolor-patch 2011/01/30 xcolor patch
Package: atveryend 2011/06/30 v1.8 Hooks at the very end of document (HO)
Package atveryend Info: \enddocument detected (standard20110627).
Package: atbegshi 2011/10/05 v1.16 At begin shipout hook (HO)
Package: refcount 2011/10/16 v3.4 Data extraction from label references (HO)
Package: hycolor 2011/01/30 v1.7 Color options for hyperref/bookmark (HO)
)
(/usr/share/texlive/texmf-dist/tex/generic/ifxetex/ifxetex.sty
Package: ifxetex 2010/09/12 v0.6 Provides ifxetex conditional
)
(/usr/share/texlive/texmf-dist/tex/latex/oberdiek/auxhook.sty
Package: auxhook 2011/03/04 v1.3 Hooks for auxiliary files (HO)
)
(/usr/share/texlive/texmf-dist/tex/latex/oberdiek/kvoptions.sty
Package: kvoptions 2011/06/30 v3.11 Key value format for package options (HO)
)
\@linkdim=\dimen131
\Hy@linkcounter=\count116
\Hy@pagecounter=\count117

(/usr/share/texlive/texmf-dist/tex/latex/hyperref/pd1enc.def
File: pd1enc.def 2012/11/06 v6.83m Hyperref: PDFDocEncoding definition (HO)
)
\Hy@SavedSpaceFactor=\count118

(/usr/share/texlive/texmf-dist/tex/latex/latexconfig/hyperref.cfg
File: hyperref.cfg 2002/06/06 v1.2 hyperref configuration of TeXLive
)
Package hyperref Info: Hyper figures OFF on input line 4443.
Package hyperref Info: Link nesting OFF on input line 4448.
Package hyperref Info: Hyper index ON on input line 4451.
Package hyperref Info: Plain pages OFF on input line 4458.
Package hyperref Info: Backreferencing OFF on input line 4463.
Package hyperref Info: Implicit mode ON; LaTeX internals redefined.
Package hyperref Info: Bookmarks ON on input line 4688.
\c@Hy@tempcnt=\count119

(/usr/share/texlive/texmf-dist/tex/latex/url/url.sty
\Urlmuskip=\muskip11
Package: url 2013/09/16  ver 3.4  Verb mode for urls, etc.
)
LaTeX Info: Redefining \url on input line 5041.
\XeTeXLinkMargin=\dimen132
\Fld@menulength=\count120
\Field@Width=\dimen133
\Fld@charsize=\dimen134
Package hyperref Info: Hyper figures OFF on input line 6295.
Package hyperref Info: Link nesting OFF on input line 6300.
Package hyperref Info: Hyper index ON on input line 6303.
Package hyperref Info: backreferencing OFF on input line 6310.
Package hyperref Info: Link coloring OFF on input line 6315.
Package hyperref Info: Link coloring with OCG OFF on input line 6320.
Package hyperref Info: PDF/A mode OFF on input line 6325.
LaTeX Info: Redefining \ref on input line 6365.
LaTeX Info: Redefining \pageref on input line 6369.
\Hy@abspage=\count121
\c@Item=\count122
\c@Hfootnote=\count123
)

Package hyperref Message: Driver (autodetected): hxetex.

(/usr/share/texlive/texmf-dist/tex/latex/hyperref/hxetex.def
File: hxetex.def 2012/11/06 v6.83m Hyperref driver for XeTeX

(/usr/share/texlive/texmf-dist/tex/latex/hyperref/puenc.def
File: puenc.def 2012/11/06 v6.83m Hyperref: PDF Unicode definition (HO)
)
(/usr/share/texlive/texmf-dist/tex/generic/oberdiek/stringenc.sty
Package: stringenc 2011/12/02 v1.10 Convert strings between diff. encodings (HO
)
)
\pdfm@box=\box38
\c@Hy@AnnotLevel=\count124
\HyField@AnnotCount=\count125
\Fld@listcount=\count126
\c@bookmark@seq@number=\count127

(/usr/share/texlive/texmf-dist/tex/latex/oberdiek/rerunfilecheck.sty
Package: rerunfilecheck 2011/04/15 v1.7 Rerun checks for auxiliary files (HO)
Package rerunfilecheck Info: Feature \pdfmdfivesum is not available
(rerunfilecheck)             (e.g. pdfTeX or LuaTeX with package `pdftexcmds').

(rerunfilecheck)             Therefore file contents cannot be checked efficien
tly
(rerunfilecheck)             and the loading of the package is aborted.
)
\Hy@SectionHShift=\skip68
)
(/usr/share/texlive/texmf-dist/tex/latex/geometry/geometry.sty
Package: geometry 2010/09/12 v5.6 Page Geometry
\Gm@cnth=\count128
\Gm@cntv=\count129
\c@Gm@tempcnt=\count130
\Gm@bindingoffset=\dimen135
\Gm@wd@mp=\dimen136
\Gm@odd@mp=\dimen137
\Gm@even@mp=\dimen138
\Gm@layoutwidth=\dimen139
\Gm@layoutheight=\dimen140
\Gm@layouthoffset=\dimen141
\Gm@layoutvoffset=\dimen142
\Gm@dimlist=\toks22
)
(/usr/share/texlive/texmf-dist/tex/latex/ms/ragged2e.sty
Package: ragged2e 2009/05/21 v2.1 ragged2e Package (MS)

(/usr/share/texlive/texmf-dist/tex/latex/ms/everysel.sty
Package: everysel 2011/10/28 v1.2 EverySelectfont Package (MS)
)
\CenteringLeftskip=\skip69
\RaggedLeftLeftskip=\skip70
\RaggedRightLeftskip=\skip71
\CenteringRightskip=\skip72
\RaggedLeftRightskip=\skip73
\RaggedRightRightskip=\skip74
\CenteringParfillskip=\skip75
\RaggedLeftParfillskip=\skip76
\RaggedRightParfillskip=\skip77
\JustifyingParfillskip=\skip78
\CenteringParindent=\skip79
\RaggedLeftParindent=\skip80
\RaggedRightParindent=\skip81
\JustifyingParindent=\skip82
)
(/usr/share/texlive/texmf-dist/tex/latex/csquotes/csquotes.sty
Package: csquotes 2016/01/31 v5.1g context-sensitive quotations (JAW)

(/usr/share/texlive/texmf-dist/tex/latex/etoolbox/etoolbox.sty
Package: etoolbox 2015/08/02 v2.2a e-TeX tools for LaTeX (JAW)
\etb@tempcnta=\count131
)
\csq@reset=\count132
\csq@gtype=\count133
\csq@glevel=\count134
\csq@qlevel=\count135
\csq@maxlvl=\count136
\csq@tshold=\count137
\csq@ltx@everypar=\toks23

(/usr/share/texlive/texmf-dist/tex/latex/csquotes/csquotes.def
File: csquotes.def 2016/01/31 v5.1g csquotes generic definitions (JAW)
)
Package csquotes Info: Trying to load configuration file 'csquotes.cfg'...
Package csquotes Info: ... configuration file loaded successfully.

(/usr/share/texlive/texmf-dist/tex/latex/csquotes/csquotes.cfg
File: csquotes.cfg 
))
(/usr/share/texlive/texmf-dist/tex/latex/graphics/graphicx.sty
Package: graphicx 2014/10/28 v1.0g Enhanced LaTeX Graphics (DPC,SPQR)

(/usr/share/texlive/texmf-dist/tex/latex/graphics/graphics.sty
Package: graphics 2016/01/03 v1.0q Standard LaTeX Graphics (DPC,SPQR)

(/usr/share/texlive/texmf-dist/tex/latex/graphics/trig.sty
Package: trig 2016/01/03 v1.10 sin cos tan (DPC)
)
(/usr/share/texlive/texmf-dist/tex/latex/latexconfig/graphics.cfg
File: graphics.cfg 2010/04/23 v1.9 graphics configuration of TeX Live
)
Package graphics Info: Driver file: xetex.def on input line 95.

(/usr/share/texlive/texmf-dist/tex/xelatex/xetex-def/xetex.def
File: xetex.def 2015/09/11 v4.06 LaTeX color/graphics driver for XeTeX (TeX Liv
e/RRM/JK)
))
\Gin@req@height=\dimen143
\Gin@req@width=\dimen144
)
(/usr/share/texlive/texmf-dist/tex/latex/base/fixltx2e.sty
Package: fixltx2e 2015/06/22 v2.0b fixes to LaTeX (obsolete)


Package fixltx2e Warning: fixltx2e is not required with releases after 2015
(fixltx2e)                All fixes are now in the LaTeX kernel.
(fixltx2e)                See the latexrelease package for details.

) (/usr/share/texlive/texmf-dist/tex/latex/lettrine/lettrine.sty
File: lettrine.sty 2015/08/31 v1.9 (Daniel Flipo)
\c@DefaultLines=\count138
\c@DefaultDepth=\count139
\DefaultFindent=\dimen145
\DefaultNindent=\dimen146
\DefaultSlope=\dimen147
\DiscardVskip=\dimen148
\L@lbox=\box39
\L@tbox=\box40
\c@L@lines=\count140
\c@L@depth=\count141
\L@Pindent=\dimen149
\L@Findent=\dimen150
\L@Nindent=\dimen151
\L@lraise=\dimen152
\L@first=\dimen153
\L@next=\dimen154
\L@slope=\dimen155
\L@height=\dimen156
\L@novskip=\dimen157
\LettrineWidth=\dimen158
\LettrineHeight=\dimen159
\LettrineDepth=\dimen160

Loading lettrine.cfg
(/usr/share/texlive/texmf-dist/tex/latex/lettrine/lettrine.cfg))
(/usr/share/texlive/texmf-dist/tex/latex/setspace/setspace.sty
Package: setspace 2011/12/19 v6.7a set line spacing
)
(/usr/share/texlive/texmf-dist/tex/latex/tools/verbatim.sty
Package: verbatim 2014/10/28 v1.5q LaTeX2e package for verbatim enhancements
\every@verbatim=\toks24
\verbatim@line=\toks25
\verbatim@in@stream=\read1
)
(/usr/share/texlive/texmf-dist/tex/latex/graphics/epsfig.sty
Package: epsfig 1999/02/16 v1.7a (e)psfig emulation (SPQR)
\epsfxsize=\dimen161
\epsfysize=\dimen162
)
(/usr/share/texlive/texmf-dist/tex/latex/psfrag/psfrag.sty
Package: psfrag 1998/04/11 v3.04 PSfrag (MCG)
\pfg@pcount=\count142
\pfg@scount=\count143
\pfg@temp=\write3
)
(/usr/share/texlive/texmf-dist/tex/latex/caption/caption.sty
Package: caption 2016/02/21 v3.3-144 Customizing captions (AR)

(/usr/share/texlive/texmf-dist/tex/latex/caption/caption3.sty
Package: caption3 2016/02/04 v1.7-139 caption3 kernel (AR)
Package caption3 Info: TeX engine: e-TeX on input line 67.
\captionmargin=\dimen163
\captionmargin@=\dimen164
\captionwidth=\dimen165
\caption@tempdima=\dimen166
\caption@indent=\dimen167
\caption@parindent=\dimen168
\caption@hangindent=\dimen169
)
\c@ContinuedFloat=\count144
Package caption Info: hyperref package is loaded.
Package caption Info: listings package is loaded.
)
(/usr/share/texlive/texmf-dist/tex/latex/caption/subcaption.sty
Package: subcaption 2016/02/20 v1.1-142 Sub-captions (AR)
\c@subfigure=\count145
\c@subtable=\count146
)
(/usr/share/texlive/texmf-dist/tex/latex/graphics/color.sty
Package: color 2016/01/03 v1.1b Standard LaTeX Color (DPC)

(/usr/share/texlive/texmf-dist/tex/latex/latexconfig/color.cfg
File: color.cfg 2007/01/18 v1.5 color configuration of teTeX/TeXLive
)
Package color Info: Driver file: xetex.def on input line 143.
)
(/usr/share/texlive/texmf-dist/tex/xelatex/mathspec/mathspec.sty
Package: mathspec 2009/09/30 v0.2 LaTeX Package (Mathematics font selection for
 XeLaTeX)

(/usr/share/texlive/texmf-dist/tex/latex/fontspec/fontspec.sty
(/usr/share/texlive/texmf-dist/tex/latex/l3kernel/expl3.sty
Package: expl3 2016/01/19 v6377 L3 programming layer (loader) 

(/usr/share/texlive/texmf-dist/tex/latex/l3kernel/expl3-code.tex
Package: expl3 2016/01/19 v6377 L3 programming layer (code)
L3 Module: l3bootstrap 2016/01/01 v6339 L3 Bootstrap code
L3 Module: l3names 2015/12/21 v6328 L3 Namespace for primitives
L3 Module: l3basics 2015/11/22 v6315 L3 Basic definitions
L3 Module: l3expan 2015/09/10 v5983 L3 Argument expansion
L3 Module: l3tl 2015/09/29 v6121 L3 Token lists
L3 Module: l3str 2016/01/03 v6357 L3 Strings
L3 Module: l3seq 2015/08/05 v5777 L3 Sequences and stacks
L3 Module: l3int 2016/01/05 v6366 L3 Integers
\c_max_int=\count147
\l_tmpa_int=\count148
\l_tmpb_int=\count149
\g_tmpa_int=\count150
\g_tmpb_int=\count151
L3 Module: l3quark 2015/08/17 v5855 L3 Quarks
L3 Module: l3prg 2015/11/01 v6216 L3 Control structures
\g__prg_map_int=\count152
L3 Module: l3clist 2015/09/02 v5901 L3 Comma separated lists
L3 Module: l3token 2015/11/11 v6249 L3 Experimental token manipulation
L3 Module: l3prop 2016/01/05 v6366 L3 Property lists
L3 Module: l3msg 2015/09/28 v6113 L3 Messages
L3 Module: l3file 2015/12/03 v6317 L3 File and I/O operations
\l_iow_line_count_int=\count153
\l__iow_target_count_int=\count154
\l__iow_current_line_int=\count155
\l__iow_current_word_int=\count156
\l__iow_current_indentation_int=\count157
L3 Module: l3skip 2016/01/05 v6366 L3 Dimensions and skips
\c_zero_dim=\dimen170
\c_max_dim=\dimen171
\l_tmpa_dim=\dimen172
\l_tmpb_dim=\dimen173
\g_tmpa_dim=\dimen174
\g_tmpb_dim=\dimen175
\c_zero_skip=\skip83
\c_max_skip=\skip84
\l_tmpa_skip=\skip85
\l_tmpb_skip=\skip86
\g_tmpa_skip=\skip87
\g_tmpb_skip=\skip88
\c_zero_muskip=\muskip12
\c_max_muskip=\muskip13
\l_tmpa_muskip=\muskip14
\l_tmpb_muskip=\muskip15
\g_tmpa_muskip=\muskip16
\g_tmpb_muskip=\muskip17
L3 Module: l3keys 2015/11/17 v6284 L3 Key-value interfaces
\g__keyval_level_int=\count158
\l_keys_choice_int=\count159
L3 Module: l3fp 2015/08/25 v5890 L3 Floating points
\c__fp_leading_shift_int=\count160
\c__fp_middle_shift_int=\count161
\c__fp_trailing_shift_int=\count162
\c__fp_big_leading_shift_int=\count163
\c__fp_big_middle_shift_int=\count164
\c__fp_big_trailing_shift_int=\count165
\c__fp_Bigg_leading_shift_int=\count166
\c__fp_Bigg_middle_shift_int=\count167
\c__fp_Bigg_trailing_shift_int=\count168
L3 Module: l3box 2015/08/09 v5822 L3 Experimental boxes
\c_empty_box=\box41
\l_tmpa_box=\box42
\l_tmpb_box=\box43
\g_tmpa_box=\box44
\g_tmpb_box=\box45
L3 Module: l3coffins 2015/08/06 v5789 L3 Coffin code layer
\l__coffin_internal_box=\box46
\l__coffin_internal_dim=\dimen176
\l__coffin_offset_x_dim=\dimen177
\l__coffin_offset_y_dim=\dimen178
\l__coffin_x_dim=\dimen179
\l__coffin_y_dim=\dimen180
\l__coffin_x_prime_dim=\dimen181
\l__coffin_y_prime_dim=\dimen182
\c_empty_coffin=\box47
\l__coffin_aligned_coffin=\box48
\l__coffin_aligned_internal_coffin=\box49
\l_tmpa_coffin=\box50
\l_tmpb_coffin=\box51
\l__coffin_display_coffin=\box52
\l__coffin_display_coord_coffin=\box53
\l__coffin_display_pole_coffin=\box54
\l__coffin_display_offset_dim=\dimen183
\l__coffin_display_x_dim=\dimen184
\l__coffin_display_y_dim=\dimen185
L3 Module: l3color 2014/08/23 v5354 L3 Experimental color support
L3 Module: l3sys 2015/09/25 v6087 L3 Experimental system/runtime functions
L3 Module: l3candidates 2016/01/14 v6376 L3 Experimental additions to l3kernel
\l__box_top_dim=\dimen186
\l__box_bottom_dim=\dimen187
\l__box_left_dim=\dimen188
\l__box_right_dim=\dimen189
\l__box_top_new_dim=\dimen190
\l__box_bottom_new_dim=\dimen191
\l__box_left_new_dim=\dimen192
\l__box_right_new_dim=\dimen193
\l__box_internal_box=\box55
\l__coffin_bounding_shift_dim=\dimen194
\l__coffin_left_corner_dim=\dimen195
\l__coffin_right_corner_dim=\dimen196
\l__coffin_bottom_corner_dim=\dimen197
\l__coffin_top_corner_dim=\dimen198
\l__coffin_scaled_total_height_dim=\dimen199
\l__coffin_scaled_width_dim=\dimen256
L3 Module: l3luatex 2015/11/11 v6250 L3 Experimental LuaTeX-specific functions
)
(/usr/share/texlive/texmf-dist/tex/latex/l3kernel/l3xdvipdfmx.def
File: l3xdvidpfmx.def 2015/11/11 v6250 L3 Experimental driver: xdvipdfmx
))
(/usr/share/texlive/texmf-dist/tex/latex/l3packages/xparse/xparse.sty
Package: xparse 2016/01/19 v6377 L3 Experimental document command parser
\l__xparse_current_arg_int=\count169
\l__xparse_m_args_int=\count170
\l__xparse_mandatory_args_int=\count171
\l__xparse_processor_int=\count172
\l__xparse_v_nesting_int=\count173
)
Package: fontspec 2016/02/01 v2.5a Font selection for XeLaTeX and LuaLaTeX

(/usr/share/texlive/texmf-dist/tex/latex/fontspec/fontspec-xetex.sty
Package: fontspec-xetex 2016/02/01 v2.5a Font selection for XeLaTeX and LuaLaTe
X
\l_fontspec_script_int=\count174
\l_fontspec_language_int=\count175
\l_fontspec_strnum_int=\count176
\l__fontspec_tmpa_dim=\dimen257
\l__fontspec_tmpb_dim=\dimen258
\l__fontspec_tmpc_dim=\dimen259
\g__file_internal_ior=\read2

(/usr/share/texlive/texmf-dist/tex/latex/base/fontenc.sty
Package: fontenc 2005/09/27 v1.99g Standard LaTeX package

(/usr/share/texlive/texmf-dist/tex/latex/euenc/eu1enc.def
File: eu1enc.def 2010/05/27 v0.1h Experimental Unicode font encodings
)
LaTeX Font Info:    Try loading font information for EU1+lmr on input line 105.


(/usr/share/texlive/texmf-dist/tex/latex/euenc/eu1lmr.fd
File: eu1lmr.fd 2009/10/30 v1.6 Font defs for Latin Modern
))
(/usr/share/texlive/texmf-dist/tex/xelatex/xunicode/xunicode.sty
File: xunicode.sty 2011/09/09 v0.981 provides access to latin accents and many 
other characters in Unicode lower plane

(/usr/share/texmf/tex/latex/tipa/t3enc.def
File: t3enc.def 2001/12/31 T3 encoding
LaTeX Font Info:    Try loading font information for EU1+lmss on input line 357
.

(/usr/share/texlive/texmf-dist/tex/latex/euenc/eu1lmss.fd
File: eu1lmss.fd 2009/10/30 v1.6 Font defs for Latin Modern
))
\tipaTiiicode=\count177
\tipasavetokens=\toks26
\tipachecktokens=\toks27
)
.................................................
. LaTeX info: "xparse/define-command"
. 
. Defining command \__fontspec_post_arg:w with sig. 'mmO{}' on line 353.
.................................................
.................................................
. LaTeX info: "xparse/define-command"
. 
. Defining command \fontspec with sig. 'om' on line 355.
.................................................
.................................................
. LaTeX info: "xparse/define-command"
. 
. Defining command \setmainfont with sig. 'om' on line 365.
.................................................
.................................................
. LaTeX info: "xparse/define-command"
. 
. Defining command \setsansfont with sig. 'om' on line 375.
.................................................
.................................................
. LaTeX info: "xparse/define-command"
. 
. Defining command \setmonofont with sig. 'om' on line 385.
.................................................
.................................................
. LaTeX info: "xparse/define-command"
. 
. Defining command \setmathrm with sig. 'om' on line 399.
.................................................
.................................................
. LaTeX info: "xparse/define-command"
. 
. Defining command \setboldmathrm with sig. 'om' on line 407.
.................................................
.................................................
. LaTeX info: "xparse/define-command"
. 
. Defining command \setmathsf with sig. 'om' on line 415.
.................................................
.................................................
. LaTeX info: "xparse/define-command"
. 
. Defining command \setmathtt with sig. 'om' on line 423.
.................................................
.................................................
. LaTeX info: "xparse/define-command"
. 
. Defining command \newfontfamily with sig. 'mom' on line 437.
.................................................
.................................................
. LaTeX info: "xparse/define-command"
. 
. Defining command \newfontface with sig. 'mom' on line 453.
.................................................
.................................................
. LaTeX info: "xparse/define-command"
. 
. Defining command \defaultfontfeatures with sig. 't+om' on line 467.
.................................................
.................................................
. LaTeX info: "xparse/define-command"
. 
. Defining command \addfontfeatures with sig. 'm' on line 529.
.................................................
.................................................
. LaTeX info: "xparse/define-command"
. 
. Defining command \newfontfeature with sig. 'mm' on line 540.
.................................................
.................................................
. LaTeX info: "xparse/define-command"
. 
. Defining command \newAATfeature with sig. 'mmmm' on line 548.
.................................................
.................................................
. LaTeX info: "xparse/define-command"
. 
. Defining command \newopentypefeature with sig. 'mmm' on line 556.
.................................................
.................................................
. LaTeX info: "xparse/define-command"
. 
. Defining command \aliasfontfeature with sig. 'mm' on line 577.
.................................................
.................................................
. LaTeX info: "xparse/define-command"
. 
. Defining command \aliasfontfeatureoption with sig. 'mmm' on line 586.
.................................................
.................................................
. LaTeX info: "xparse/define-command"
. 
. Defining command \newfontscript with sig. 'mm' on line 590.
.................................................
.................................................
. LaTeX info: "xparse/define-command"
. 
. Defining command \newfontlanguage with sig. 'mm' on line 594.
.................................................
.................................................
. LaTeX info: "xparse/define-command"
. 
. Defining command \DeclareFontsExtensions with sig. 'm' on line 599.
.................................................
\l__fontspec_tmp_int=\count178

(/usr/share/texlive/texmf-dist/tex/latex/fontspec/fontspec.cfg)
LaTeX Info: Redefining \itshape on input line 2705.
LaTeX Info: Redefining \slshape on input line 2710.
LaTeX Info: Redefining \scshape on input line 2715.
LaTeX Info: Redefining \upshape on input line 2720.
\l__fontspec_em_int=\count179
\l__fontspec_emdef_int=\count180
LaTeX Info: Redefining \em on input line 2736.
LaTeX Info: Redefining \emph on input line 2742.
LaTeX Info: Redefining \- on input line 2746.
.................................................
. LaTeX info: "xparse/redefine-command"
. 
. Redefining command \oldstylenums with sig. 'm' on line 2841.
.................................................
.................................................
. LaTeX info: "xparse/define-command"
. 
. Defining command \liningnums with sig. 'm' on line 2845.
.................................................
))
(/usr/share/texlive/texmf-dist/tex/latex/xkeyval/xkeyval.sty
Package: xkeyval 2014/12/03 v2.7a package option processing (HA)

(/usr/share/texlive/texmf-dist/tex/generic/xkeyval/xkeyval.tex
(/usr/share/texlive/texmf-dist/tex/generic/xkeyval/xkvutils.tex
\XKV@toks=\toks28
\XKV@tempa@toks=\toks29
)
\XKV@depth=\count181
File: xkeyval.tex 2014/12/03 v2.7a key=value parser (HA)
))
\c@eu@=\count182
\c@eu@i=\count183
\c@mkern=\count184
)
\g__fontspec_family_EBGaramond_int=\count185
.................................................
. fontspec info: "no-font-shape"
. 
. Could not resolve font EB Garamond/B (it probably doesn't exist).
.................................................
.................................................
. fontspec info: "defining-font"
. 
. Font family 'EBGaramond(0)' created for font 'EB Garamond' with options
. [Numbers={Proportional}].
. 
. This font family consists of the following NFSS series/shapes:
. - 'normal' (m/n) with NFSS spec.: <->"EB
. Garamond/OT:script=latn;language=DFLT;+pnum;"
. - 'small caps'  (m/sc) with NFSS spec.: <->"EB
. Garamond/OT:script=latn;language=DFLT;+pnum;+smcp;"- 'italic' (m/it) with
. NFSS spec.: <->"EB Garamond/I/OT:script=latn;language=DFLT;+pnum;"
. - 'italic small caps'  (m/itsc) with NFSS spec.: <->"EB
. Garamond/I/OT:script=latn;language=DFLT;+pnum;+smcp;"- 'bold italic' (bx/it)
. with NFSS spec.: <->"EB Garamond/BI/OT:script=latn;language=DFLT;+pnum;"
. - 'bold italic small caps'  (bx/itsc) with NFSS spec.: <->"EB
. Garamond/BI/OT:script=latn;language=DFLT;+pnum;+smcp;"
.................................................
\symDigits:m:n=\mathgroup6
\symLatin:m:n=\mathgroup7
\symLatin:m:it=\mathgroup8
\symGreek:m:n=\mathgroup9
\symGreek:m:it=\mathgroup10
.................................................
. fontspec info: "no-font-shape"
. 
. Could not resolve font EB Garamond/B (it probably doesn't exist).
.................................................
.................................................
. fontspec info: "defining-font"
. 
. Font family 'EBGaramond(1)' created for font 'EB Garamond' with options [].
. 
. This font family consists of the following NFSS series/shapes:
. - 'normal' (m/n) with NFSS spec.: <->"EB
. Garamond/OT:script=latn;language=DFLT;"
. - 'small caps'  (m/sc) with NFSS spec.: <->"EB
. Garamond/OT:script=latn;language=DFLT;+smcp;"- 'italic' (m/it) with NFSS
. spec.: <->"EB Garamond/I/OT:script=latn;language=DFLT;"
. - 'italic small caps'  (m/itsc) with NFSS spec.: <->"EB
. Garamond/I/OT:script=latn;language=DFLT;+smcp;"- 'bold italic' (bx/it) with
. NFSS spec.: <->"EB Garamond/BI/OT:script=latn;language=DFLT;"
. - 'bold italic small caps'  (bx/itsc) with NFSS spec.: <->"EB
. Garamond/BI/OT:script=latn;language=DFLT;+smcp;"
.................................................
LaTeX Font Info:    Redeclaring math alphabet \mathrm on input line 50.
LaTeX Font Info:    Overwriting math alphabet `\mathrm' in version `bold'
(Font)                  EU1/EBGaramond(1)/m/n --> EU1/EBGaramond(1)/bx/n on inp
ut line 50.
LaTeX Font Info:    Redeclaring math alphabet \mathit on input line 50.
LaTeX Font Info:    Overwriting math alphabet `\mathit' in version `normal'
(Font)                  OT1/cmr/m/it --> EU1/EBGaramond(1)/m/it on input line 5
0.
LaTeX Font Info:    Overwriting math alphabet `\mathit' in version `bold'
(Font)                  OT1/cmr/bx/it --> EU1/EBGaramond(1)/m/it on input line 
50.
LaTeX Font Info:    Redeclaring math alphabet \mathbf on input line 50.
LaTeX Font Info:    Overwriting math alphabet `\mathbf' in version `normal'
(Font)                  OT1/cmr/bx/n --> EU1/EBGaramond(1)/bx/n on input line 5
0.
LaTeX Font Info:    Overwriting math alphabet `\mathbf' in version `bold'
(Font)                  OT1/cmr/bx/n --> EU1/EBGaramond(1)/bx/n on input line 5
0.
LaTeX Font Info:    Overwriting math alphabet `\mathit' in version `bold'
(Font)                  EU1/EBGaramond(1)/m/it --> EU1/EBGaramond(1)/bx/it on i
nput line 50.
\symOperators:m:n=\mathgroup11
.................................................
. fontspec info: "no-font-shape"
. 
. Could not resolve font EB Garamond/B (it probably doesn't exist).
.................................................
.................................................
. fontspec info: "defining-font"
. 
. Font family 'EBGaramond(2)' created for font 'EB Garamond' with options
. [Ligatures=TeX,Numbers=OldStyle,Ligatures={Common, TeX},Scale=1.0].
. 
. This font family consists of the following NFSS series/shapes:
. - 'normal' (m/n) with NFSS spec.: <->s*[1.0]"EB
. Garamond/OT:script=latn;language=DFLT;mapping=tex-text;+onum;+liga;mapping=te
x-text;"
. - 'small caps'  (m/sc) with NFSS spec.: <->s*[1.0]"EB
. Garamond/OT:script=latn;language=DFLT;mapping=tex-text;+onum;+liga;mapping=te
x-text;+smcp;"-
. 'italic' (m/it) with NFSS spec.: <->s*[1.0]"EB
. Garamond/I/OT:script=latn;language=DFLT;mapping=tex-text;+onum;+liga;mapping=
tex-text;"
. - 'italic small caps'  (m/itsc) with NFSS spec.: <->s*[1.0]"EB
. Garamond/I/OT:script=latn;language=DFLT;mapping=tex-text;+onum;+liga;mapping=
tex-text;+smcp;"-
. 'bold italic' (bx/it) with NFSS spec.: <->s*[1.0]"EB
. Garamond/BI/OT:script=latn;language=DFLT;mapping=tex-text;+onum;+liga;mapping
=tex-text;"
. - 'bold italic small caps'  (bx/itsc) with NFSS spec.: <->s*[1.0]"EB
. Garamond/BI/OT:script=latn;language=DFLT;mapping=tex-text;+onum;+liga;mapping
=tex-text;+smcp;"
.................................................
LaTeX Font Info:    Font shape `EU1/EBGaramond(2)/m/n' will be
(Font)              scaled to size 12.0pt on input line 53.
.................................................
. fontspec info: "no-font-shape"
. 
. Could not resolve font EB Garamond/B (it probably doesn't exist).
.................................................
.................................................
. fontspec info: "defining-font"
. 
. Font family 'EBGaramond(3)' created for font 'EB Garamond' with options
. [RawFeature={+c2sc,+scmp}].
. 
. This font family consists of the following NFSS series/shapes:
. - 'normal' (m/n) with NFSS spec.: <->"EB
. Garamond/OT:script=latn;language=DFLT;+c2sc,+scmp;"
. - 'small caps'  (m/sc) with NFSS spec.: <->"EB
. Garamond/OT:script=latn;language=DFLT;+c2sc,+scmp;+smcp;"- 'italic' (m/it)
. with NFSS spec.: <->"EB
. Garamond/I/OT:script=latn;language=DFLT;+c2sc,+scmp;"
. - 'italic small caps'  (m/itsc) with NFSS spec.: <->"EB
. Garamond/I/OT:script=latn;language=DFLT;+c2sc,+scmp;+smcp;"- 'bold italic'
. (bx/it) with NFSS spec.: <->"EB
. Garamond/BI/OT:script=latn;language=DFLT;+c2sc,+scmp;"
. - 'bold italic small caps'  (bx/itsc) with NFSS spec.: <->"EB
. Garamond/BI/OT:script=latn;language=DFLT;+c2sc,+scmp;+smcp;"
.................................................
.................................................
. fontspec info: "set-scale"
. 
. Lato Regular scale = 0.8094761101403867.
.................................................
\g__fontspec_family_LatoRegular_int=\count186
.................................................
. fontspec info: "set-scale"
. 
. Lato Regular scale = 0.8094761101403867.
.................................................
.................................................
. fontspec info: "set-scale"
. 
. Lato Bold scale = 0.7992192147531231.
.................................................
.................................................
. fontspec info: "set-scale"
. 
. Lato Regular/I scale = 0.8094761101403867.
.................................................
.................................................
. fontspec info: "set-scale"
. 
. Lato Bold/I scale = 0.7992192147531231.
.................................................
.................................................
. fontspec info: "defining-font"
. 
. Font family 'LatoRegular(0)' created for font 'Lato Regular' with options
. [Ligatures=TeX,Scale=MatchLowercase,BoldFont={Lato Bold}].
. 
. This font family consists of the following NFSS series/shapes:
. - 'normal' (m/n) with NFSS spec.: <->s*[0.8094761101403867]"Lato
. Regular/OT:script=latn;language=DFLT;mapping=tex-text;"
. - 'small caps'  (m/sc) with NFSS spec.: - 'bold' (bx/n) with NFSS spec.:
. <->s*[0.7992192147531231]"Lato
. Bold/OT:script=latn;language=DFLT;mapping=tex-text;"
. - 'bold small caps'  (bx/sc) with NFSS spec.: - 'italic' (m/it) with NFSS
. spec.: <->s*[0.8094761101403867]"Lato
. Regular/I/OT:script=latn;language=DFLT;mapping=tex-text;"
. - 'italic small caps'  (m/itsc) with NFSS spec.: - 'bold italic' (bx/it)
. with NFSS spec.: <->s*[0.7992192147531231]"Lato
. Bold/I/OT:script=latn;language=DFLT;mapping=tex-text;"
. - 'bold italic small caps'  (bx/itsc) with NFSS spec.: 
.................................................
.................................................
. fontspec info: "set-scale"
. 
. Source Code Pro scale = 0.8541671633725133.
.................................................
\g__fontspec_family_SourceCodePro_int=\count187
.................................................
. fontspec info: "no-font-shape"
. 
. Could not resolve font Source Code Pro/I (it probably doesn't exist).
.................................................
.................................................
. fontspec info: "set-scale"
. 
. Source Code Pro scale = 0.8541671633725133.
.................................................
.................................................
. fontspec info: "set-scale"
. 
. Source Code Pro/B scale = 0.8541671633725133.
.................................................
.................................................
. fontspec info: "set-scale"
. 
. Source Code Pro/BI scale = 0.8541671633725133.
.................................................
.................................................
. fontspec info: "defining-font"
. 
. Font family 'SourceCodePro(0)' created for font 'Source Code Pro' with
. options [WordSpace={1,0,0},PunctuationSpace=WordSpace,Scale=MatchLowercase].
. 
. This font family consists of the following NFSS series/shapes:
. - 'normal' (m/n) with NFSS spec.: <->s*[0.8541671633725133]"Source Code
. Pro/OT:script=latn;language=DFLT;"
. - 'small caps'  (m/sc) with NFSS spec.: 
. and font adjustment code:
. \fontdimen 2\font =1\fontdimen 2\font \fontdimen 3\font =0\fontdimen 3\font
. \fontdimen 4\font =0\fontdimen 4\font \fontdimen 7\font =0\fontdimen 2\font
. - 'bold' (bx/n) with NFSS spec.: <->s*[0.8541671633725133]"Source Code
. Pro/B/OT:script=latn;language=DFLT;"
. - 'bold small caps'  (bx/sc) with NFSS spec.: 
. and font adjustment code:
. \fontdimen 2\font =1\fontdimen 2\font \fontdimen 3\font =0\fontdimen 3\font
. \fontdimen 4\font =0\fontdimen 4\font \fontdimen 7\font =0\fontdimen 2\font
. - 'bold italic' (bx/it) with NFSS spec.: <->s*[0.8541671633725133]"Source
. Code Pro/BI/OT:script=latn;language=DFLT;"
. - 'bold italic small caps'  (bx/itsc) with NFSS spec.: 
. and font adjustment code:
. \fontdimen 2\font =1\fontdimen 2\font \fontdimen 3\font =0\fontdimen 3\font
. \fontdimen 4\font =0\fontdimen 4\font \fontdimen 7\font =0\fontdimen 2\font 
.................................................
Package caption Info: We need package `newfloat' on input line 64.

(/usr/share/texlive/texmf-dist/tex/latex/caption/newfloat.sty
Package: newfloat 2015/09/17 v1.1-109 Defining new floating environments (AR)
Package newfloat Info: Unsupported document class, or \@chapter 
(newfloat)             was already redefined by another package.
Package newfloat Info: \@chapter = macro:->\def \Hy@next {\Hy@MakeCurrentHrefAu
to {\Hy@chapapp *}\Hy@raisedlink {\hyper@anchorstart {\@currentHref }\hyper@anc
horend }}\ifnum \c@secnumdepth >\m@ne \ltx@IfUndefined {if@mainmatter}\iftrue {
\csname if@mainmatter\endcsname }\let \Hy@next \relax \fi \fi \Hy@next \Hy@org@
chapter .
Package newfloat Info: \Hy@org@chapter = macro:[#1]#2->\algocf@original@chapter
 [#1]{#2}\addtocontents {loa}{\protect \addvspace {10\p@ }}.
Package newfloat Info: Trying Plan B...
)
(/usr/share/texlive/texmf-dist/tex/latex/fancyhdr/fancyhdr.sty
\fancy@headwidth=\skip89
\f@ncyO@elh=\skip90
\f@ncyO@erh=\skip91
\f@ncyO@olh=\skip92
\f@ncyO@orh=\skip93
\f@ncyO@elf=\skip94
\f@ncyO@erf=\skip95
\f@ncyO@olf=\skip96
\f@ncyO@orf=\skip97
)
(/usr/share/texlive/texmf-dist/tex/latex/titlesec/titlesec.sty
Package: titlesec 2016/03/15 v2.10.1 Sectioning titles
\ttl@box=\box56
\beforetitleunit=\skip98
\aftertitleunit=\skip99
\ttl@plus=\dimen260
\ttl@minus=\dimen261
\ttl@toksa=\toks30
\titlewidth=\dimen262
\titlewidthlast=\dimen263
\titlewidthfirst=\dimen264
)
(/usr/share/texlive/texmf-dist/tex/latex/titling/titling.sty
Package: titling 2009/09/04 v2.1d maketitle typesetting
\thanksmarkwidth=\skip100
\thanksmargin=\skip101
\droptitle=\skip102
)
(/usr/share/texlive/texmf-dist/tex/latex/tocloft/tocloft.sty
Package: tocloft 2013/05/02 v2.3f parameterised ToC, etc., typesetting
Package tocloft Info: The document has chapter divisions on input line 44.
\cftparskip=\skip103
\cftbeforetoctitleskip=\skip104
\cftaftertoctitleskip=\skip105
\cftbeforepartskip=\skip106
\cftpartnumwidth=\skip107
\cftpartindent=\skip108
\cftbeforechapskip=\skip109
\cftchapindent=\skip110
\cftchapnumwidth=\skip111
\cftbeforesecskip=\skip112
\cftsecindent=\skip113
\cftsecnumwidth=\skip114
\cftbeforesubsecskip=\skip115
\cftsubsecindent=\skip116
\cftsubsecnumwidth=\skip117
\cftbeforesubsubsecskip=\skip118
\cftsubsubsecindent=\skip119
\cftsubsubsecnumwidth=\skip120
\cftbeforeparaskip=\skip121
\cftparaindent=\skip122
\cftparanumwidth=\skip123
\cftbeforesubparaskip=\skip124
\cftsubparaindent=\skip125
\cftsubparanumwidth=\skip126
\cftbeforeloftitleskip=\skip127
\cftafterloftitleskip=\skip128
\cftbeforefigskip=\skip129
\cftfigindent=\skip130
\cftfignumwidth=\skip131
\c@lofdepth=\count188
\c@lotdepth=\count189
\cftbeforelottitleskip=\skip132
\cftafterlottitleskip=\skip133
\cftbeforetabskip=\skip134
\cfttabindent=\skip135
\cfttabnumwidth=\skip136
)
(/usr/share/texlive/texmf-dist/tex/latex/appendix/appendix.sty
Package: appendix 2009/09/02 v1.2b extra appendix facilities
\c@@pps=\count190
\c@@ppsavesec=\count191
\c@@ppsaveapp=\count192
)
(/usr/share/texlive/texmf-dist/tex/latex/natbib/natbib.sty
Package: natbib 2010/09/13 8.31b (PWD, AO)
\bibhang=\skip137
\bibsep=\skip138
LaTeX Info: Redefining \cite on input line 694.
\c@NAT@ctr=\count193
)
(/usr/share/texlive/texmf-dist/tex/latex/quotchap/quotchap.sty
Package: quotchap 2012/10/20 v1.1 Decorative Chapter Headings with Quotes
\@quotebox=\box57
)
\mybibindent=\skip139
Package color Info: Redefining color chaptergrey on input line 147.
Package hyperref Info: Option `colorlinks' set `true' on input line 155.
)
(/usr/share/texlive/texmf-dist/tex/generic/babel/babel.sty
Package: babel 2016/02/24 3.9q The Babel package

(/usr/share/texlive/texmf-dist/tex/generic/babel-spanish/spanish.ldf
Language: spanish.ldf 2016/01/15 v5.0o Spanish support from the babel system

(/usr/share/texlive/texmf-dist/tex/generic/babel/babel.def
File: babel.def 2016/02/24 3.9q Babel common definitions
\babel@savecnt=\count194
\U@D=\dimen265

(/usr/share/texlive/texmf-dist/tex/generic/babel/xebabel.def))
\es@quottoks=\toks31
\es@quotdepth=\count195
Package babel Info: Making " an active character on input line 533.
))
LaTeX Info: Redefining \. on input line 6.
LaTeX Info: Redefining \% on input line 6.

(/usr/share/texlive/texmf-dist/tex/latex/booktabs/booktabs.sty
Package: booktabs 2005/04/14 v1.61803 publication quality tables
\heavyrulewidth=\dimen266
\lightrulewidth=\dimen267
\cmidrulewidth=\dimen268
\belowrulesep=\dimen269
\belowbottomsep=\dimen270
\aboverulesep=\dimen271
\abovetopsep=\dimen272
\cmidrulesep=\dimen273
\cmidrulekern=\dimen274
\defaultaddspace=\dimen275
\@cmidla=\count196
\@cmidlb=\count197
\@aboverulesep=\dimen276
\@belowrulesep=\dimen277
\@thisruleclass=\count198
\@lastruleclass=\count199
\@thisrulewidth=\dimen278
)
(/usr/share/texlive/texmf-dist/tex/latex/xcolor/xcolor.sty
Package: xcolor 2007/01/21 v2.11 LaTeX color extensions (UK)

(/usr/share/texlive/texmf-dist/tex/latex/latexconfig/color.cfg
File: color.cfg 2007/01/18 v1.5 color configuration of teTeX/TeXLive
)
Package xcolor Info: Driver file: xetex.def on input line 225.

(/usr/share/texlive/texmf-dist/tex/latex/colortbl/colortbl.sty
Package: colortbl 2012/02/13 v1.0a Color table columns (DPC)

(/usr/share/texlive/texmf-dist/tex/latex/tools/array.sty
Package: array 2014/10/28 v2.4c Tabular extension package (FMi)
\col@sep=\dimen279
\extrarowheight=\dimen280
\NC@list=\toks32
\extratabsurround=\skip140
\backup@length=\skip141
)
\everycr=\toks33
\minrowclearance=\skip142
)
LaTeX Info: Redefining \color on input line 702.
\rownum=\count266
Package xcolor Info: Model `cmy' substituted by `cmy0' on input line 1337.
Package xcolor Info: Model `RGB' extended on input line 1353.
Package xcolor Info: Model `HTML' substituted by `rgb' on input line 1355.
Package xcolor Info: Model `Hsb' substituted by `hsb' on input line 1356.
Package xcolor Info: Model `tHsb' substituted by `hsb' on input line 1357.
Package xcolor Info: Model `HSB' substituted by `hsb' on input line 1358.
Package xcolor Info: Model `Gray' substituted by `gray' on input line 1359.
Package xcolor Info: Model `wave' substituted by `hsb' on input line 1360.
)
(/usr/share/texlive/texmf-dist/tex/latex/rotating/rotating.sty
Package: rotating 2009/03/28 v2.16a rotated objects in LaTeX
\c@r@tfl@t=\count267
\rotFPtop=\skip143
\rotFPbot=\skip144
\rot@float@box=\box58
\rot@mess@toks=\toks34
)
(/usr/share/texlive/texmf-dist/tex/latex/adjustbox/adjustbox.sty
Package: adjustbox 2012/05/21 v1.0 Adjusting TeX boxes (trim, clip, ...)

(/usr/share/texlive/texmf-dist/tex/latex/adjustbox/adjcalc.sty
Package: adjcalc 2012/05/16 v1.1 Provides advanced setlength with multiple back
-ends (calc, etex, pgfmath)
)
(/usr/share/texlive/texmf-dist/tex/latex/adjustbox/trimclip.sty
Package: trimclip 2012/05/16 v1.0 Trim and clip general TeX material

(/usr/share/texlive/texmf-dist/tex/latex/collectbox/collectbox.sty
Package: collectbox 2012/05/17 v0.4b Collect macro arguments as boxes
\collectedbox=\box59
)
\tc@llx=\dimen281
\tc@lly=\dimen282
\tc@urx=\dimen283
\tc@ury=\dimen284
Package trimclip Info: Using driver 'tc-xetex.def'.

(/usr/share/texlive/texmf-dist/tex/latex/adjustbox/tc-xetex.def
File: tc-xetex.def 2012/05/13 v1.0 Clipping driver for xetex
))
\adjbox@Width=\dimen285
\adjbox@Height=\dimen286
\adjbox@Depth=\dimen287
\adjbox@Totalheight=\dimen288

(/usr/share/texlive/texmf-dist/tex/latex/ifoddpage/ifoddpage.sty
Package: ifoddpage 2011/09/13 v1.0 Conditionals for odd/even page detection
\c@checkoddpage=\count268
)
(/usr/share/texlive/texmf-dist/tex/latex/varwidth/varwidth.sty
Package: varwidth 2009/03/30 ver 0.92;  Variable-width minipages
\@vwid@box=\box60
\sift@deathcycles=\count269
\@vwid@loff=\dimen289
\@vwid@roff=\dimen290
))
(/usr/share/texlive/texmf-dist/tex/latex/enumitem/enumitem.sty
Package: enumitem 2011/09/28 v3.5.2 Customized lists
\labelindent=\skip145
\enit@outerparindent=\dimen291
\enit@toks=\toks35
\enit@inbox=\box61
\enitdp@description=\count270
)
Package csquotes Info: Checking for multilingual support...
Package csquotes Info: ... found 'babel' package.
Package csquotes Info: Adjusting default style.
Package csquotes Info: Redefining alias 'default' -> 'spanish'.

(./dissertation.aux
LaTeX Info: Redefining \. on input line 20.
LaTeX Info: Redefining \% on input line 20.
LaTeX Info: Redefining \. on input line 25.
LaTeX Info: Redefining \% on input line 25.
LaTeX Info: Redefining \. on input line 29.
LaTeX Info: Redefining \% on input line 29.
 (./chapters/chapter1.aux) (./chapters/chapter2.aux)
(./chapters/chapter3.aux

LaTeX Warning: Label `eq:flits_cdt' multiply defined.

) (./chapters/chapter4.aux) (./chapters/chapter5_alt.aux)
(./chapters/chapter6.aux) (./chapters/conclusion.aux) (./endmatter/colophon.aux
))
\openout1 = `dissertation.aux'.

LaTeX Font Info:    Checking defaults for OML/cmm/m/it on input line 24.
LaTeX Font Info:    ... okay on input line 24.
LaTeX Font Info:    Checking defaults for T1/cmr/m/n on input line 24.
LaTeX Font Info:    ... okay on input line 24.
LaTeX Font Info:    Checking defaults for OT1/cmr/m/n on input line 24.
LaTeX Font Info:    ... okay on input line 24.
LaTeX Font Info:    Checking defaults for OMS/cmsy/m/n on input line 24.
LaTeX Font Info:    ... okay on input line 24.
LaTeX Font Info:    Checking defaults for OMX/cmex/m/n on input line 24.
LaTeX Font Info:    ... okay on input line 24.
LaTeX Font Info:    Checking defaults for U/cmr/m/n on input line 24.
LaTeX Font Info:    ... okay on input line 24.
LaTeX Font Info:    Checking defaults for PD1/pdf/m/n on input line 24.
LaTeX Font Info:    ... okay on input line 24.
LaTeX Font Info:    Checking defaults for PU/pdf/m/n on input line 24.
LaTeX Font Info:    ... okay on input line 24.
LaTeX Font Info:    Checking defaults for EU1/lmr/m/n on input line 24.
LaTeX Font Info:    ... okay on input line 24.
LaTeX Font Info:    Checking defaults for T3/cmr/m/n on input line 24.
LaTeX Font Info:    Try loading font information for T3+cmr on input line 24.
 (/usr/share/texmf/tex/latex/tipa/t3cmr.fd
File: t3cmr.fd 2001/12/31 TIPA font definitions
)
LaTeX Font Info:    ... okay on input line 24.
\c@lstlisting=\count271
\AtBeginShipoutBox=\box62
Package hyperref Info: Link coloring ON on input line 24.

(/usr/share/texlive/texmf-dist/tex/latex/hyperref/nameref.sty
Package: nameref 2012/10/27 v2.43 Cross-referencing by name of section

(/usr/share/texlive/texmf-dist/tex/generic/oberdiek/gettitlestring.sty
Package: gettitlestring 2010/12/03 v1.4 Cleanup title references (HO)
)
\c@section@level=\count272
)
LaTeX Info: Redefining \ref on input line 24.
LaTeX Info: Redefining \pageref on input line 24.
LaTeX Info: Redefining \nameref on input line 24.

(./dissertation.out) (./dissertation.out)
\@outlinefile=\write4
\openout4 = `dissertation.out'.


*geometry* driver: auto-detecting
*geometry* detected driver: xetex
*geometry* verbose mode - [ preamble ] result:
* driver: xetex
* paper: letterpaper
* layout: <same size as paper>
* layoutoffset:(h,v)=(0.0pt,0.0pt)
* modes: 
* h-part:(L,W,R)=(99.37125pt, 415.55249pt, 99.37126pt)
* v-part:(T,H,B)=(95.39737pt, 556.47656pt, 143.09605pt)
* \paperwidth=614.295pt
* \paperheight=794.96999pt
* \textwidth=415.55249pt
* \textheight=556.47656pt
* \oddsidemargin=27.10126pt
* \evensidemargin=27.10126pt
* \topmargin=-8.74641pt
* \headheight=15.0pt
* \headsep=19.8738pt
* \topskip=12.0pt
* \footskip=30.0pt
* \marginparwidth=47.0pt
* \marginparsep=7.0pt
* \columnsep=10.0pt
* \skip\footins=10.8pt plus 4.0pt minus 2.0pt
* \hoffset=0.0pt
* \voffset=0.0pt
* \mag=1000
* \@twocolumnfalse
* \@twosidefalse
* \@mparswitchfalse
* \@reversemarginfalse
* (1in=72.27pt=25.4mm, 1cm=28.453pt)

ABD: EverySelectfont initializing macros
LaTeX Info: Redefining \selectfont on input line 24.
Package caption Info: Begin \AtBeginDocument code.
Package caption Info: rotating package is loaded.
Package caption Info: End \AtBeginDocument code.
Package caption Info: We need package `ragged2e' on input line 24.
LaTeX Info: Redefining \. on input line 24.
LaTeX Info: Redefining \% on input line 24.
 (./frontmatter/personalize.tex)
LaTeX Font Info:    Font shape `EU1/EBGaramond(2)/m/n' will be
(Font)              scaled to size 24.88pt on input line 28.


Package xcolor Warning: Incompatible color definition on input line 28.

LaTeX Font Info:    Font shape `EU1/EBGaramond(2)/m/sc' will be
(Font)              scaled to size 12.0pt on input line 28.
LaTeX Info: Redefining \. on input line 32.
LaTeX Info: Redefining \% on input line 32.
(/usr/share/texlive/texmf-dist/tex/generic/oberdiek/se-ascii-print.def
File: se-ascii-print.def 2011/12/02 v1.10 stringenc: Printable ASCII characters

)
[1

]
LaTeX Font Info:    Font shape `EU1/EBGaramond(2)/m/n' will be
(Font)              scaled to size 17.28pt on input line 32.


Package xcolor Warning: Incompatible color definition on input line 32.

(./frontmatter/abstract_es.tex
LaTeX Font Info:    Font shape `EU1/EBGaramond(2)/m/it' will be
(Font)              scaled to size 12.0pt on input line 3.
)
LaTeX Font Info:    Font shape `EU1/EBGaramond(2)/m/sl' in size <12> not availa
ble
(Font)              Font shape `EU1/EBGaramond(2)/m/it' tried instead on input 
line 32.
LaTeX Font Info:    Font shape `EU1/EBGaramond(2)/m/it' will be
(Font)              scaled to size 12.0pt on input line 32.
 [3]

Package xcolor Warning: Incompatible color definition on input line 34.

(./frontmatter/abstract_en.tex) [4

]
LaTeX Font Info:    Try loading font information for T1+ppl on input line 36.

(/usr/share/texlive/texmf-dist/tex/latex/psnfss/t1ppl.fd
File: t1ppl.fd 2001/06/04 font definitions for T1/ppl.
)

Package xcolor Warning: Incompatible color definition on input line 36.

(./dissertation.toc
LaTeX Info: Redefining \. on input line 1.
LaTeX Info: Redefining \% on input line 1.
LaTeX Info: Redefining \. on input line 2.
LaTeX Info: Redefining \% on input line 2.
LaTeX Info: Redefining \. on input line 3.
LaTeX Info: Redefining \% on input line 3.


LaTeX Font Warning: Font shape `EU1/EBGaramond(2)/bx/n' undefined
(Font)              using `EU1/EBGaramond(2)/m/n' instead on input line 4.

LaTeX Font Info:    Try loading font information for U+msa on input line 4.
(/usr/share/texlive/texmf-dist/tex/latex/amsfonts/umsa.fd
File: umsa.fd 2013/01/14 v3.01 AMS symbols A
)
LaTeX Font Info:    Try loading font information for U+msb on input line 4.

(/usr/share/texlive/texmf-dist/tex/latex/amsfonts/umsb.fd
File: umsb.fd 2013/01/14 v3.01 AMS symbols B
)
LaTeX Font Info:    Font shape `EU1/EBGaramond(2)/bx/n' will be
(Font)              scaled to size 12.0pt on input line 4.
 [5

])
\tf@toc=\write5
\openout5 = `dissertation.toc'.

 [6]

Package xcolor Warning: Incompatible color definition on input line 38.

(./dissertation.lof
LaTeX Info: Redefining \. on input line 1.
LaTeX Info: Redefining \% on input line 1.
LaTeX Info: Redefining \. on input line 2.
LaTeX Info: Redefining \% on input line 2.
LaTeX Info: Redefining \. on input line 3.
LaTeX Info: Redefining \% on input line 3.
 [7

] [8] [9] [10] [11] [12] [13] [14])
\tf@lof=\write6
\openout6 = `dissertation.lof'.

 [15]

Package xcolor Warning: Incompatible color definition on input line 40.

(./frontmatter/thanks.tex) [16

] [1]
\openout2 = `chapters/chapter1.aux'.

 (./chapters/chapter1.tex
Captulo 1.
Package newfloat Info: Setting Plan B file extension to `lof'... on input line 
1.

Package xcolor Warning: Incompatible color definition on input line 1.

[1


]

LaTeX Warning: Reference `motivacin' on page 2 undefined on input line 8.


LaTeX Warning: Reference `desafos' on page 2 undefined on input line 8.

[2]
LaTeX Font Info:    Font shape `EU1/EBGaramond(2)/m/n' will be
(Font)              scaled to size 8.0pt on input line 40.


Package xcolor Warning: Incompatible color definition on input line 40.

[3]
File: figures/ch0_block_matching.png Graphic file (type QTm)
 <use  "figures/ch0_block_matching.png" >
LaTeX Font Info:    Font shape `EU1/LatoRegular(0)/bx/n' will be
(Font)              scaled to size 9.5907pt on input line 51.
LaTeX Font Info:    Font shape `EU1/LatoRegular(0)/bx/n' will be
(Font)              scaled to size 7.99225pt on input line 51.
LaTeX Font Info:    Font shape `EU1/LatoRegular(0)/m/n' will be
(Font)              scaled to size 9.71375pt on input line 51.
LaTeX Font Info:    Font shape `EU1/LatoRegular(0)/m/n' will be
(Font)              scaled to size 8.09479pt on input line 51.
LaTeX Font Info:    Font shape `EU1/LatoRegular(0)/m/it' will be
(Font)              scaled to size 8.09479pt on input line 51.


Package xcolor Warning: Incompatible color definition on input line 56.

[4]

Package xcolor Warning: Incompatible color definition on input line 58.

File: figures/ch0_convolutional_networks.png Graphic file (type QTm)
<use  "figures/ch0_convolutional_networks.png" > [5]
Overfull \hbox (43.1966pt too wide) detected at line 89
[][] [] \OMS/cmsy/m/n/12 ^^B [] \OT1/cmr/m/n/12 = ([] \OMS/cmsy/m/n/12 ^^C []\O
T1/cmr/m/n/12 ) + ([] \OMS/cmsy/m/n/12 ^^C []\OT1/cmr/m/n/12 ) + ([] \OMS/cmsy/
m/n/12 ^^C []\OT1/cmr/m/n/12 ) + ([] \OMS/cmsy/m/n/12 ^^C []\OT1/cmr/m/n/12 ) +
 ([] \OMS/cmsy/m/n/12 ^^C []\OT1/cmr/m/n/12 ) + ([] \OMS/cmsy/m/n/12 ^^C []\OT1
/cmr/m/n/12 ) + ([] \OMS/cmsy/m/n/12 ^^C []\OT1/cmr/m/n/12 ) + ([] \OMS/cmsy/m/
n/12 ^^C []\OT1/cmr/m/n/12 ) + ([] \OMS/cmsy/m/n/12 ^^C []\OT1/cmr/m/n/12 )
 []

File: figures/ch0_kernel_border.png Graphic file (type QTm)
<use  "figures/ch0_kernel_border.png" >

Package xcolor Warning: Incompatible color definition on input line 104.

[6]

Package xcolor Warning: Incompatible color definition on input line 108.


Package xcolor Warning: Incompatible color definition on input line 108.


Overfull \hbox (2.56226pt too wide) in paragraph at lines 108--109
[]\EU1/EBGaramond(2)/bx/n/12 Los algoritmos DES$[]$(\EU1/EBGaramond(2)/m/it/12 
Data Encryption Standard\EU1/EBGaramond(2)/bx/n/12 ) y AES$[]$(\EU1/EBGaramond(
2)/m/it/12 Advanced Encryption Stan-
 []


Package xcolor Warning: Incompatible color definition on input line 123.

[7]

Package xcolor Warning: Incompatible color definition on input line 128.


Package xcolor Warning: Incompatible color definition on input line 128.


Package xcolor Warning: Incompatible color definition on input line 128.

[8] [9]

Package xcolor Warning: Incompatible color definition on input line 138.


Package xcolor Warning: Incompatible color definition on input line 138.

[10] [11]

Package xcolor Warning: Incompatible color definition on input line 166.


Package xcolor Warning: Incompatible color definition on input line 166.


Overfull \hbox (14.13347pt too wide) in paragraph at lines 166--167
\EU1/EBGaramond(2)/bx/n/12 go fuente, se encuentran disponibles en en siguiente
 enlace: [][]https://github.com/hcabrera-
 []


Package xcolor Warning: Incompatible color definition on input line 168.

[12]

Package xcolor Warning: Incompatible color definition on input line 177.

[13]
Overfull \hbox (6.33028pt too wide) in paragraph at lines 188--189
\EU1/EBGaramond(2)/bx/n/12 Hector Cabrera Villaseor; Juan Jos Raygoza Panduro
; Jorge Rivera Domnguez. Hard-
 []

) [14]
\openout2 = `chapters/chapter2.aux'.

 (./chapters/chapter2.tex
Captulo 2.

Package xcolor Warning: Incompatible color definition on input line 6.

[15



]

Package xcolor Warning: Incompatible color definition on input line 15.


Package xcolor Warning: Incompatible color definition on input line 15.


Package xcolor Warning: Incompatible color definition on input line 15.


Package xcolor Warning: Incompatible color definition on input line 19.

File: figures/ch1_quark_soc.png Graphic file (type QTm)
<use  "figures/ch1_quark_soc.png" > [16]

Package xcolor Warning: Incompatible color definition on input line 34.


Package xcolor Warning: Incompatible color definition on input line 34.


Package xcolor Warning: Incompatible color definition on input line 36.


LaTeX Warning: Reference `ch1_epiphany_soc' on page 17 undefined on input line 
36.

[17]
File: figures/ch1_epiphany_soc.png Graphic file (type QTm)
 <use  "figures/ch1_epiphany_soc.png" >

Package xcolor Warning: Incompatible color definition on input line 49.


Package xcolor Warning: Incompatible color definition on input line 49.

[18] [19]

Package xcolor Warning: Incompatible color definition on input line 57.


Package xcolor Warning: Incompatible color definition on input line 57.

[20]
File: figures/ch1_enlaces_dedicados.png Graphic file (type QTm)
 <use  "figures/ch1_enlaces_dedicados.png" > [21]

Package xcolor Warning: Incompatible color definition on input line 78.

[22]
File: figures/ch1_nodo_simple.png Graphic file (type QTm)
 <use  "figures/ch1_nodo_simple.png" > [23] [24]
File: figures/ch1_topologia.png Graphic file (type QTm)

<use  "figures/ch1_topologia.png" > [25]

Package xcolor Warning: Incompatible color definition on input line 132.

[26] [27]

Package xcolor Warning: Incompatible color definition on input line 140.

[28]

Package xcolor Warning: Incompatible color definition on input line 153.

File: figures/ch1_ruteo.png Graphic file (type QTm)
<use  "figures/ch1_ruteo.png" >

Package xcolor Warning: Incompatible color definition on input line 166.

[29] [30] [31]
File: figures/ch1_jerarquia_mensajes.png Graphic file (type QTm)
 <use  "figures/ch1_jerarquia_mensajes.png" > [32] [33]
File: figures/ch1_deadlock.png Graphic file (type QTm)

<use  "figures/ch1_deadlock.png" >
File: figures/ch1_bufferless.png Graphic file (type QTm)
 <use  "figures/ch1_bufferless.png" >
[34] [35]
File: figures/ch1_circuit_switching.png Graphic file (type QTm)
 <use  "figures/ch1_circuit_switching.png" > [36]
File: figures/ch1_store_cut.png Graphic file (type QTm)

<use  "figures/ch1_store_cut.png" > [37] [38]
File: figures/ch1_wormhole.png Graphic file (type QTm)

<use  "figures/ch1_wormhole.png" >

Package xcolor Warning: Incompatible color definition on input line 263.


Package xcolor Warning: Incompatible color definition on input line 263.

[39] [40]
File: figures/ch1_vc.png Graphic file (type QTm)
 <use  "figures/ch1_vc.png" >

Package xcolor Warning: Incompatible color definition on input line 279.


Package xcolor Warning: Incompatible color definition on input line 279.


Package xcolor Warning: Incompatible color definition on input line 279.


Package xcolor Warning: Incompatible color definition on input line 279.

[41]

Package xcolor Warning: Incompatible color definition on input line 284.


Package xcolor Warning: Incompatible color definition on input line 284.

) [42]
\openout2 = `chapters/chapter3.aux'.

 (./chapters/chapter3.tex
Captulo 3.

Package xcolor Warning: Incompatible color definition on input line 6.

File: figures/ch2_topicos_general.png Graphic file (type QTm)
<use  "figures/ch2_topicos_general.png" > [43



]
LaTeX Font Info:    Font shape `EU1/SourceCodePro(0)/m/n' will be
(Font)              scaled to size 10.25006pt on input line 33.


LaTeX Font Warning: Font shape `EU1/SourceCodePro(0)/m/it' undefined
(Font)              using `EU1/SourceCodePro(0)/m/n' instead on input line 33.

LaTeX Font Info:    Font shape `EU1/EBGaramond(2)/m/n' will be
(Font)              scaled to size 6.0pt on input line 33.
LaTeX Font Info:    Font shape `EU1/EBGaramond(2)/m/n' will be
(Font)              scaled to size 10.0pt on input line 33.
LaTeX Font Info:    Font shape `EU1/EBGaramond(2)/m/n' will be
(Font)              scaled to size 7.0pt on input line 33.
[44]
File: figures/ch2_mesh_caracteristicas.png Graphic file (type QTm)
 <use  "figures/ch2_mesh_caracteristicas.png" >
Overfull \hbox (12.61542pt too wide) in paragraph at lines 41--42
 [] 
 []

[45] [46] [47] [48]

Package xcolor Warning: Incompatible color definition on input line 135.

[49]

Package xcolor Warning: Incompatible color definition on input line 148.


Package xcolor Warning: Incompatible color definition on input line 148.

[50] [51]
File: figures/ch2_creditos_timeline.png Graphic file (type QTm)
 <use  "figures/ch2_creditos_timeline.png" > [52] [53]
LaTeX Font Info:    Font shape `EU1/EBGaramond(2)/m/itsc' will be
(Font)              scaled to size 12.0pt on input line 198.


Package xcolor Warning: Incompatible color definition on input line 200.

[54]
File: figures/ch2_turns.png Graphic file (type QTm)
 <use  "figures/ch2_turns.png" > [55]
File: figures/ch2_giros_deadlock.png Graphic file (type QTm)

<use  "figures/ch2_giros_deadlock.png" >

Package xcolor Warning: Incompatible color definition on input line 228.

[56] [57]
File: figures/ch2_wf_example.png Graphic file (type QTm)
 <use  "figures/ch2_wf_example.png" >

LaTeX Warning: No positions in optional float specifier.
               Default added (so using `htbp') on input line 279.

LaTeX Font Info:    Font shape `EU1/EBGaramond(2)/bx/it' will be
(Font)              scaled to size 12.0pt on input line 316.
) [58] [59] [60]
\openout2 = `chapters/chapter4.aux'.

 (./chapters/chapter4.tex
Captulo 4.

Package xcolor Warning: Incompatible color definition on input line 1.


Package xcolor Warning: Incompatible color definition on input line 7.


Package xcolor Warning: Incompatible color definition on input line 7.

[61



]
File: figures/ch3_pnoc.png Graphic file (type QTm)
 <use  "figures/ch3_pnoc.png" >

Package xcolor Warning: Incompatible color definition on input line 22.

[62]
File: figures/ch3_cunoc.png Graphic file (type QTm)
 <use  "figures/ch3_cunoc.png" >

Package xcolor Warning: Incompatible color definition on input line 37.


Package xcolor Warning: Incompatible color definition on input line 37.


Package xcolor Warning: Incompatible color definition on input line 37.


Package xcolor Warning: Incompatible color definition on input line 37.


Package xcolor Warning: Incompatible color definition on input line 37.


Package xcolor Warning: Incompatible color definition on input line 37.

[63]

Package xcolor Warning: Incompatible color definition on input line 41.


Package xcolor Warning: Incompatible color definition on input line 43.


Package xcolor Warning: Incompatible color definition on input line 45.


Package xcolor Warning: Incompatible color definition on input line 45.


Package xcolor Warning: Incompatible color definition on input line 45.


Package xcolor Warning: Incompatible color definition on input line 45.


Package xcolor Warning: Incompatible color definition on input line 45.


Package xcolor Warning: Incompatible color definition on input line 45.


Package xcolor Warning: Incompatible color definition on input line 45.


Package xcolor Warning: Incompatible color definition on input line 45.

[64]

Package xcolor Warning: Incompatible color definition on input line 49.

[65]

Package xcolor Warning: Incompatible color definition on input line 53.


Package xcolor Warning: Incompatible color definition on input line 53.


Package xcolor Warning: Incompatible color definition on input line 57.


Package xcolor Warning: Incompatible color definition on input line 57.


Package xcolor Warning: Incompatible color definition on input line 57.

[66]
File: figures/ch3_rmboc.png Graphic file (type QTm)
 <use  "figures/ch3_rmboc.png" >

Package xcolor Warning: Incompatible color definition on input line 72.


Package xcolor Warning: Incompatible color definition on input line 72.


Package xcolor Warning: Incompatible color definition on input line 74.

) [67] [68]
\openout2 = `chapters/chapter5_alt.aux'.

 (./chapters/chapter5_alt.tex
Captulo 5.

Package xcolor Warning: Incompatible color definition on input line 1.


Package xcolor Warning: Incompatible color definition on input line 4.

File: figures/ch4_nodo.png Graphic file (type QTm)
<use  "figures/ch4_nodo.png" > [69



] [70]
File: figures/ch4_organizacion_paquete.png Graphic file (type QTm)

<use  "figures/ch4_organizacion_paquete.png" >
File: figures/ch4_flit_cabecera.png Graphic file (type QTm)

<use  "figures/ch4_flit_cabecera.png" > [71] [72]
File: figures/ch4_w_protocolo_comunicacion.png Graphic file (type QTm)

<use  "figures/ch4_w_protocolo_comunicacion.png" > [73]

LaTeX Warning: No positions in optional float specifier.
               Default added (so using `tbp') on input line 126.


Overfull \hbox (2.89021pt too wide) in paragraph at lines 133--133
[]|[]| 
 []


Overfull \hbox (2.89021pt too wide) in paragraph at lines 136--136
[]|[]| 
 []


Overfull \hbox (7.84622pt too wide) in paragraph at lines 137--137
[]|[]| 
 []


Overfull \hbox (17.06221pt too wide) in paragraph at lines 139--139
[]|[]| 
 []


Overfull \hbox (30.00633pt too wide) in paragraph at lines 128--141
 [][] 
 []

[74] [75]
File: figures/ch4_slice_arq.png Graphic file (type QTm)
 <use  "figures/ch4_slice_arq.png" > [76] [77] [78]
File: figures/ch4_segmentacion_entrada_salida.png Graphic file (type QTm)

<use  "figures/ch4_segmentacion_entrada_salida.png" > [79]
File: figures/ch4_w_rtt.png Graphic file (type QTm)

<use  "figures/ch4_w_rtt.png" > [80]
File: figures/ch4_puerto_entrada.png Graphic file (type QTm)
 <use  "figures/ch4_puerto_entrada.png" >
[81]

LaTeX Warning: No positions in optional float specifier.
               Default added (so using `tbp') on input line 256.

File: figures/ch4_pde_fsm.png Graphic file (type QTm)
<use  "figures/ch4_pde_fsm.png" > [82]
File: figures/ch4_crossbar.png Graphic file (type QTm)
 <use  "figures/ch4_crossbar.png" >
[83] [84]
File: figures/ch4_unidad_scc.png Graphic file (type QTm)
 <use  "figures/ch4_unidad_scc.png" > [85]
File: figures/ch4_arbitro.png Graphic file (type QTm)

<use  "figures/ch4_arbitro.png" > [86] [87]
File: figures/ch4_fsm_scc.png Graphic file (type QTm)
 <use  "figures/ch4_fsm_scc.png" >
[88]
File: figures/ch4_interfaz_de_red_top.png Graphic file (type QTm)
 <use  "figures/ch4_interfaz_de_red_top.png" > [89] [90]
Overfull \hbox (4.35242pt too wide) in paragraph at lines 428--429
[]\EU1/EBGaramond(3)/m/n/12 El flit de cabecera no se enva al elemento de proc
esamiento, todo el trabajo de re-codificacin
 []

[91]

Package xcolor Warning: Incompatible color definition on input line 441.

File: figures/ch4_interfaz_des.png Graphic file (type QTm)
<use  "figures/ch4_interfaz_des.png" > [92]
File: figures/ch4_bloque_entrada_des.png Graphic file (type QTm)

<use  "figures/ch4_bloque_entrada_des.png" > [93] [94]
File: figures/ch4_bloque_salida_des.png Graphic file (type QTm)

<use  "figures/ch4_bloque_salida_des.png" >) [95]
\openout2 = `chapters/chapter6.aux'.

 (./chapters/chapter6.tex
Captulo 6.

Package xcolor Warning: Incompatible color definition on input line 1.

[96



] [97] [98]
File: figures/ch5_tradicional_net.png Graphic file (type QTm)
 <use  "figures/ch5_tradicional_net.png" > [99] [100]
File: figures/ch5_propuesta_net.png Graphic file (type QTm)

<use  "figures/ch5_propuesta_net.png" > [101] [102]
File: figures/ch5_transmision_paquete.png Graphic file (type QTm)

<use  "figures/ch5_transmision_paquete.png" > [103] [104]
File: figures/ch5_nodo_frontera.png Graphic file (type QTm)

<use  "figures/ch5_nodo_frontera.png" > [105] [106]
File: figures/ch5_direccionamiento.png Graphic file (type QTm)

<use  "figures/ch5_direccionamiento.png" >

LaTeX Warning: No positions in optional float specifier.
               Default added (so using `htbp') on input line 148.

[107] [108]
File: figures/ch5_segmento_wfm.png Graphic file (type QTm)
 <use  "figures/ch5_segmento_wfm.png" >

LaTeX Warning: No positions in optional float specifier.
               Default added (so using `htbp') on input line 209.

[109] [110]
File: figures/ch5_segmento_xy.png Graphic file (type QTm)
 <use  "figures/ch5_segmento_xy.png" >

LaTeX Warning: No positions in optional float specifier.
               Default added (so using `htbp') on input line 241.


Package xcolor Warning: Incompatible color definition on input line 278.

[111] [112]
File: figures/ch5_organizacion_validacion.png Graphic file (type QTm)
 <use  "figures/ch5_organizacion_validacion.png" > [113] [114]
[115]) [116]
\openout2 = `chapters/conclusion.aux'.

 (./chapters/conclusion.tex
Captulo 7.

Package xcolor Warning: Incompatible color definition on input line 1.


LaTeX Warning: No positions in optional float specifier.
               Default added (so using `tbp') on input line 8.

[117



]

LaTeX Warning: No positions in optional float specifier.
               Default added (so using `tbp') on input line 25.


LaTeX Warning: No positions in optional float specifier.
               Default added (so using `tbp') on input line 36.

[118]

LaTeX Warning: No positions in optional float specifier.
               Default added (so using `tbp') on input line 58.


LaTeX Warning: No positions in optional float specifier.
               Default added (so using `tbp') on input line 87.

[119] [120] [121]
File: figures/ch6_histograma_source_1.png Graphic file (type QTm)
 <use  "figures/ch6_histograma_source_1.png" >
LaTeX Font Info:    Font shape `EU1/EBGaramond(2)/m/n' will be
(Font)              scaled to size 10.95pt on input line 150.
LaTeX Font Info:    Font shape `EU1/EBGaramond(2)/bx/n' will be
(Font)              scaled to size 10.95pt on input line 150.
LaTeX Font Info:    Font shape `EU1/LatoRegular(0)/bx/n' will be
(Font)              scaled to size 8.7515pt on input line 150.
LaTeX Font Info:    Font shape `EU1/LatoRegular(0)/m/n' will be
(Font)              scaled to size 8.86378pt on input line 150.
File: figures/ch6_histograma_source_2.png Graphic file (type QTm)

<use  "figures/ch6_histograma_source_2.png" >
File: figures/ch6_histograma_source_3.png Graphic file (type QTm)

<use  "figures/ch6_histograma_source_3.png" >
File: figures/ch6_histograma_source_4.png Graphic file (type QTm)

<use  "figures/ch6_histograma_source_4.png" >
File: figures/ch6_histograma_source_5.png Graphic file (type QTm)

<use  "figures/ch6_histograma_source_5.png" >
File: figures/ch6_histograma_source_6.png Graphic file (type QTm)

<use  "figures/ch6_histograma_source_6.png" >
File: figures/ch6_histograma_source_7.png Graphic file (type QTm)

<use  "figures/ch6_histograma_source_7.png" >
File: figures/ch6_histograma_source_8.png Graphic file (type QTm)

<use  "figures/ch6_histograma_source_8.png" >
File: figures/ch6_histograma_source_9.png Graphic file (type QTm)

<use  "figures/ch6_histograma_source_9.png" >
File: figures/ch6_histograma_source_10.png Graphic file (type QTm)

<use  "figures/ch6_histograma_source_10.png" >) [122] [123] [124]
(./dissertation.bbl

Package xcolor Warning: Incompatible color definition on input line 1.

[125



] [126] [127] [128] [129] [130] [131]) [132]
\openout2 = `endmatter/colophon.aux'.

 (./endmatter/colophon.tex
File: endmatter/colophon.png Graphic file (type QTm)

<use  "endmatter/colophon.png" >

Package xcolor Warning: Incompatible color definition on input line 15.


Package xcolor Warning: Incompatible color definition on input line 15.


Package xcolor Warning: Incompatible color definition on input line 15.


Package xcolor Warning: Incompatible color definition on input line 15.


Underfull \hbox (badness 1910) in paragraph at lines 15--15
\EU1/EBGaramond(3)/m/sc/12 3.0[][]\EU1/EBGaramond(3)/m/n/12 . A template that c
an be used to for-
 []


Underfull \hbox (badness 1292) in paragraph at lines 15--15
\EU1/EBGaramond(3)/m/n/12 mat a PhD dissertation with this look \EU1/EBGaramond
(3)/m/it/12 &
 []


Underfull \hbox (badness 2582) in paragraph at lines 15--15
\EU1/EBGaramond(3)/m/n/12 feel has been released under the permis-
 []


Underfull \hbox (badness 1755) in paragraph at lines 15--15
\EU1/EBGaramond(3)/m/n/12 sive \EU1/EBGaramond(3)/m/sc/12 agpl \EU1/EBGaramond(
3)/m/n/12 license, and can be found on-
 []

) [133

]
Package atveryend Info: Empty hook `BeforeClearDocument' on input line 75.
Package atveryend Info: Empty hook `AfterLastShipout' on input line 75.
 (./dissertation.aux
LaTeX Info: Redefining \. on input line 20.
LaTeX Info: Redefining \% on input line 20.
LaTeX Info: Redefining \. on input line 25.
LaTeX Info: Redefining \% on input line 25.
LaTeX Info: Redefining \. on input line 29.
LaTeX Info: Redefining \% on input line 29.
 (./chapters/chapter1.aux) (./chapters/chapter2.aux) (./chapters/chapter3.aux) 
(./chapters/chapter4.aux)
(./chapters/chapter5_alt.aux) (./chapters/chapter6.aux)
(./chapters/conclusion.aux) (./endmatter/colophon.aux))
Package atveryend Info: Empty hook `AtVeryEndDocument' on input line 75.
Package atveryend Info: Empty hook `AtEndAfterFileList' on input line 75.


LaTeX Font Warning: Some font shapes were not available, defaults substituted.


LaTeX Warning: There were undefined references.


LaTeX Warning: There were multiply-defined labels.

Package atveryend Info: Empty hook `AtVeryVeryEnd' on input line 75.
 ) 
Here is how much of TeX's memory you used:
 31349 strings out of 493638
 544219 string characters out of 6146796
 650068 words of memory out of 5000000
 34210 multiletter control sequences out of 15000+600000
 12536 words of font info for 107 fonts, out of 8000000 for 9000
 1328 hyphenation exceptions out of 8191
 49i,21n,107p,10474b,669s stack positions out of 5000i,500n,10000p,200000b,80000s

Output written on dissertation.pdf (149 pages).
